<?xml version="1.0" encoding="UTF-8"?>
<testng-results ignored="0" total="3" passed="2" failed="1" skipped="0">
  <reporter-output>
  </reporter-output>
  <suite started-at="2023-06-30T12:28:17 IST" name="Default Suite" finished-at="2023-06-30T12:29:33 IST" duration-ms="76337">
    <groups>
    </groups>
    <test started-at="2023-06-30T12:28:17 IST" name="DataDrivenDevelopement-1" finished-at="2023-06-30T12:29:33 IST" duration-ms="76337">
      <class name="ExcelExample">
        <test-method signature="demoClass(java.lang.String,java.lang.String)[pri:0, instance:ExcelExample@6631f5ca]" started-at="2023-06-30T12:28:18 IST" name="demoClass" data-provider="testdata" finished-at="2023-06-30T12:28:46 IST" duration-ms="27888" status="PASS">
          <params>
            <param index="0">
              <value>
                <![CDATA[harrypotter@gmail.com]]>
              </value>
            </param>
            <param index="1">
              <value>
                <![CDATA[lilyandjames]]>
              </value>
            </param>
          </params>
          <reporter-output>
          </reporter-output>
        </test-method> <!-- demoClass -->
        <test-method is-config="true" signature="ProgramTermination()[pri:0, instance:ExcelExample@6631f5ca]" started-at="2023-06-30T12:28:46 IST" name="ProgramTermination" finished-at="2023-06-30T12:28:47 IST" duration-ms="818" status="PASS">
          <reporter-output>
          </reporter-output>
        </test-method> <!-- ProgramTermination -->
        <test-method signature="demoClass(java.lang.String,java.lang.String)[pri:0, instance:ExcelExample@6631f5ca]" started-at="2023-06-30T12:28:47 IST" name="demoClass" data-provider="testdata" finished-at="2023-06-30T12:29:09 IST" duration-ms="22507" status="PASS">
          <params>
            <param index="0">
              <value>
                <![CDATA[harrypotter@gmail.com]]>
              </value>
            </param>
            <param index="1">
              <value>
                <![CDATA[lilyandjames]]>
              </value>
            </param>
          </params>
          <reporter-output>
          </reporter-output>
        </test-method> <!-- demoClass -->
        <test-method is-config="true" signature="ProgramTermination()[pri:0, instance:ExcelExample@6631f5ca]" started-at="2023-06-30T12:29:09 IST" name="ProgramTermination" finished-at="2023-06-30T12:29:10 IST" duration-ms="700" status="PASS">
          <reporter-output>
          </reporter-output>
        </test-method> <!-- ProgramTermination -->
        <test-method signature="demoClass(java.lang.String,java.lang.String)[pri:0, instance:ExcelExample@6631f5ca]" started-at="2023-06-30T12:29:10 IST" name="demoClass" data-provider="testdata" finished-at="2023-06-30T12:29:32 IST" duration-ms="22336" status="FAIL">
          <params>
            <param index="0">
              <value>
                <![CDATA[ginny@abc.com]]>
              </value>
            </param>
            <param index="1">
              <value>
                <![CDATA[abc123]]>
              </value>
            </param>
          </params>
          <exception class="java.lang.AssertionError">
            <message>
              <![CDATA[Invalid credentials , Login failed! expected [true] but found [false]]]>
            </message>
            <full-stacktrace>
              <![CDATA[java.lang.AssertionError: Invalid credentials , Login failed! expected [true] but found [false]
at org.testng.Assert.fail(Assert.java:110)
at org.testng.Assert.failNotEquals(Assert.java:1577)
at org.testng.Assert.assertTrue(Assert.java:56)
at ExcelExample.demoClass(ExcelExample.java:24)
at java.base/jdk.internal.reflect.NativeMethodAccessorImpl.invoke0(Native Method)
at java.base/jdk.internal.reflect.NativeMethodAccessorImpl.invoke(NativeMethodAccessorImpl.java:62)
at java.base/jdk.internal.reflect.DelegatingMethodAccessorImpl.invoke(DelegatingMethodAccessorImpl.java:43)
at java.base/java.lang.reflect.Method.invoke(Method.java:566)
at org.testng.internal.invokers.MethodInvocationHelper.invokeMethod(MethodInvocationHelper.java:139)
at org.testng.internal.invokers.TestInvoker.invokeMethod(TestInvoker.java:677)
at org.testng.internal.invokers.TestInvoker.invokeTestMethod(TestInvoker.java:221)
at org.testng.internal.invokers.MethodRunner.runInSequence(MethodRunner.java:50)
at org.testng.internal.invokers.TestInvoker$MethodInvocationAgent.invoke(TestInvoker.java:969)
at org.testng.internal.invokers.TestInvoker.invokeTestMethods(TestInvoker.java:194)
at org.testng.internal.invokers.TestMethodWorker.invokeTestMethods(TestMethodWorker.java:148)
at org.testng.internal.invokers.TestMethodWorker.run(TestMethodWorker.java:128)
at java.base/java.util.ArrayList.forEach(ArrayList.java:1541)
at org.testng.TestRunner.privateRun(TestRunner.java:829)
at org.testng.TestRunner.run(TestRunner.java:602)
at org.testng.SuiteRunner.runTest(SuiteRunner.java:437)
at org.testng.SuiteRunner.runSequentially(SuiteRunner.java:431)
at org.testng.SuiteRunner.privateRun(SuiteRunner.java:391)
at org.testng.SuiteRunner.run(SuiteRunner.java:330)
at org.testng.SuiteRunnerWorker.runSuite(SuiteRunnerWorker.java:52)
at org.testng.SuiteRunnerWorker.run(SuiteRunnerWorker.java:95)
at org.testng.TestNG.runSuitesSequentially(TestNG.java:1256)
at org.testng.TestNG.runSuitesLocally(TestNG.java:1176)
at org.testng.TestNG.runSuites(TestNG.java:1099)
at org.testng.TestNG.run(TestNG.java:1067)
at com.intellij.rt.testng.IDEARemoteTestNG.run(IDEARemoteTestNG.java:66)
at com.intellij.rt.testng.RemoteTestNGStarter.main(RemoteTestNGStarter.java:109)
]]>
            </full-stacktrace>
          </exception> <!-- java.lang.AssertionError -->
          <reporter-output>
          </reporter-output>
        </test-method> <!-- demoClass -->
        <test-method is-config="true" signature="ProgramTermination()[pri:0, instance:ExcelExample@6631f5ca]" started-at="2023-06-30T12:29:32 IST" name="ProgramTermination" finished-at="2023-06-30T12:29:33 IST" duration-ms="1085" status="PASS">
          <reporter-output>
          </reporter-output>
        </test-method> <!-- ProgramTermination -->
      </class> <!-- ExcelExample -->
    </test> <!-- DataDrivenDevelopement-1 -->
  </suite> <!-- Default Suite -->
</testng-results>
